#
# A fatal error has been detected by the Java Runtime Environment:
#
#  EXCEPTION_ACCESS_VIOLATION (0xc0000005) at pc=0x00007ffabd23f752, pid=5736, tid=6852
#
# JRE version: OpenJDK Runtime Environment Temurin-17.0.5+8 (17.0.5+8) (build 17.0.5+8)
# Java VM: OpenJDK 64-Bit Server VM Temurin-17.0.5+8 (17.0.5+8, mixed mode, tiered, compressed oops, compressed class ptrs, parallel gc, windows-amd64)
# Problematic frame:
# V  [jvm.dll+0x18f752]
#
# No core dump will be written. Minidumps are not enabled by default on client versions of Windows
#
# If you would like to submit a bug report, please visit:
#   https://github.com/adoptium/adoptium-support/issues
#

---------------  S U M M A R Y ------------

Command Line: --add-modules=ALL-SYSTEM --add-opens=java.base/java.util=ALL-UNNAMED --add-opens=java.base/java.lang=ALL-UNNAMED --add-opens=java.base/sun.nio.fs=ALL-UNNAMED -Declipse.application=org.eclipse.jdt.ls.core.id1 -Dosgi.bundles.defaultStartLevel=4 -Declipse.product=org.eclipse.jdt.ls.core.product -Djava.import.generatesMetadataFilesAtProjectRoot=false -Dfile.encoding=utf8 -XX:+UseParallelGC -XX:GCTimeRatio=4 -XX:AdaptiveSizePolicyWeight=90 -Dsun.zip.disableMemoryMapping=true -Xmx1G -Xms100m -Xlog:disable -javaagent:c:\Users\Subhanjan\.vscode\extensions\redhat.java-1.13.0-win32-x64\lombok\lombok-1.18.24.jar -XX:+HeapDumpOnOutOfMemoryError -XX:HeapDumpPath=c:\Users\Subhanjan\AppData\Roaming\Code\User\workspaceStorage\2232859fdb70232aeea4fb6d47245013\redhat.java c:\Users\Subhanjan\.vscode\extensions\redhat.java-1.13.0-win32-x64\server\plugins\org.eclipse.equinox.launcher_1.6.400.v20210924-0641.jar -configuration c:\Users\Subhanjan\AppData\Roaming\Code\User\globalStorage\redhat.java\1.13.0\config_win -data c:\Users\Subhanjan\AppData\Roaming\Code\User\workspaceStorage\2232859fdb70232aeea4fb6d47245013\redhat.java\jdt_ws

Host: AMD Ryzen 5 3500U with Radeon Vega Mobile Gfx  , 8 cores, 5G,  Windows 10 , 64 bit Build 19041 (10.0.19041.2364)
Time: Fri Dec 30 18:41:01 2022 India Standard Time elapsed time: 8.922711 seconds (0d 0h 0m 8s)

---------------  T H R E A D  ---------------

Current thread (0x000002126555fdf0):  JavaThread "C1 CompilerThread0" daemon [_thread_in_native, id=6852, stack(0x0000007088700000,0x0000007088800000)]


Current CompileTask:
C1:   8923 3619       3       com.google.gson.stream.JsonReader::doPeek (744 bytes)

Stack: [0x0000007088700000,0x0000007088800000],  sp=0x00000070887fe4d0,  free space=1017k
Native frames: (J=compiled Java code, j=interpreted, Vv=VM code, C=native code)
V  [jvm.dll+0x18f752]
V  [jvm.dll+0x14c26e]
V  [jvm.dll+0x14899e]
V  [jvm.dll+0x14b8b5]
V  [jvm.dll+0x14b917]
V  [jvm.dll+0x14b917]
V  [jvm.dll+0x14b917]
V  [jvm.dll+0x14b917]
V  [jvm.dll+0x14b917]
V  [jvm.dll+0x14b917]
V  [jvm.dll+0x14b917]
V  [jvm.dll+0x14b917]
V  [jvm.dll+0x14b9eb]
V  [jvm.dll+0x18dcc7]
V  [jvm.dll+0x133afd]
V  [jvm.dll+0x133d60]
V  [jvm.dll+0x134026]
V  [jvm.dll+0x1334ba]
V  [jvm.dll+0x135181]
V  [jvm.dll+0x22698a]
V  [jvm.dll+0x224ac5]
V  [jvm.dll+0x7e727b]
V  [jvm.dll+0x7e17ea]
V  [jvm.dll+0x6759e5]
C  [ucrtbase.dll+0x21bb2]
C  [KERNEL32.DLL+0x17614]
C  [ntdll.dll+0x526a1]


siginfo: EXCEPTION_ACCESS_VIOLATION (0xc0000005), reading address 0xffffffffffffffff


Register to memory mapping:

RIP=0x00007ffabd23f752 jvm.dll
RAX=0x00007ffabd9d48d8 jvm.dll
RBX=0x0 is NULL
RCX=0x2000000000000000 is an unknown value
RDX=0x00000070887fe7d0 is pointing into the stack for thread: 0x000002126555fdf0
RSP=0x00000070887fe4d0 is pointing into the stack for thread: 0x000002126555fdf0
RBP=0x000002126c754840 points into unknown readable memory: 0x00007ffabd9d0f18 | 18 0f 9d bd fa 7f 00 00
RSI=0x2000000000000000 is an unknown value
RDI=0x00000070887fe7d0 is pointing into the stack for thread: 0x000002126555fdf0
R8 =0x00007ffabd9d3db0 jvm.dll
R9 =0x0000000000000020 is an unknown value
R10=0x0000021266a5dc90 points into unknown readable memory: 0x0000000000000000 | 00 00 00 00 00 00 00 00
R11=0x000002126b0a6b10 points into unknown readable memory: 0x0101010101010101 | 01 01 01 01 01 01 01 01
R12=0x00000070887fe8a0 is pointing into the stack for thread: 0x000002126555fdf0
R13=0x00000070887ff070 is pointing into the stack for thread: 0x000002126555fdf0
R14=0x000002126bc4afb0 points into unknown readable memory: 0x00007ffabd9d1530 | 30 15 9d bd fa 7f 00 00
R15=0x00000070887fe7d0 is pointing into the stack for thread: 0x000002126555fdf0


Registers:
RAX=0x00007ffabd9d48d8, RBX=0x0000000000000000, RCX=0x2000000000000000, RDX=0x00000070887fe7d0
RSP=0x00000070887fe4d0, RBP=0x000002126c754840, RSI=0x2000000000000000, RDI=0x00000070887fe7d0
R8 =0x00007ffabd9d3db0, R9 =0x0000000000000020, R10=0x0000021266a5dc90, R11=0x000002126b0a6b10
R12=0x00000070887fe8a0, R13=0x00000070887ff070, R14=0x000002126bc4afb0, R15=0x00000070887fe7d0
RIP=0x00007ffabd23f752, EFLAGS=0x0000000000010246

Top of Stack: (sp=0x00000070887fe4d0)
0x00000070887fe4d0:   0000000000000000 00007ffabd1fc310
0x00000070887fe4e0:   0000021267926fb0 0000021267926dc0
0x00000070887fe4f0:   000002126bc4afb0 000002126b75a860
0x00000070887fe500:   00000070887fe7d0 00007ffabd1fc26e
0x00000070887fe510:   000002126b707740 000002126c754840
0x00000070887fe520:   00000070887fe7d0 000002126b75a860
0x00000070887fe530:   000002126b7076a0 00007ffabd1f899e
0x00000070887fe540:   000002126b707740 00000070887fe7d0
0x00000070887fe550:   000002126b706680 000002126b75a860
0x00000070887fe560:   00000070887fe7c0 00007ffabd1fb8b5
0x00000070887fe570:   00000070887fe740 0000000000000002
0x00000070887fe580:   000002126c754040 00000070887fe740
0x00000070887fe590:   00000070887fe7c0 00007ffabd1fb917
0x00000070887fe5a0:   0000000000000002 000002126bc4afb0
0x00000070887fe5b0:   000002126c754040 00000070887fe740
0x00000070887fe5c0:   00000070887fe7c0 00007ffabd1fb917 

Instructions: (pc=0x00007ffabd23f752)
0x00007ffabd23f652:   24 20 41 56 48 83 ec 20 48 8b 41 38 48 8b d9 49
0x00007ffabd23f662:   63 f0 b9 68 00 00 00 48 8d 3c f5 00 00 00 00 48
0x00007ffabd23f672:   8b ea 4c 8b 0c 38 4d 8b 71 18 e8 8f d0 f7 ff 48
0x00007ffabd23f682:   85 c0 74 1d f7 d6 4c 8b c5 44 8b ce 49 8b d6 48
0x00007ffabd23f692:   8b c8 e8 37 f7 ff ff 48 8b 4b 38 48 89 04 0f eb
0x00007ffabd23f6a2:   0c 48 8b 4b 38 48 c7 04 0f 00 00 00 00 48 8b 5c
0x00007ffabd23f6b2:   24 30 48 8b 6c 24 38 48 8b 74 24 40 48 8b 7c 24
0x00007ffabd23f6c2:   48 48 83 c4 20 41 5e c3 cc cc cc cc cc cc 33 d2
0x00007ffabd23f6d2:   48 85 c9 74 16 48 8b 41 48 48 85 c0 74 02 8b 00
0x00007ffabd23f6e2:   48 8b 49 08 03 d0 48 85 c9 75 ea 8b c2 c3 48 8b
0x00007ffabd23f6f2:   41 48 ff 08 33 d2 0f 1f 84 00 00 00 00 00 48 8b
0x00007ffabd23f702:   41 48 48 85 c0 74 02 8b 00 48 8b 49 08 03 d0 48
0x00007ffabd23f712:   85 c9 75 ea 8b c2 c3 cc cc cc cc cc cc cc 48 85
0x00007ffabd23f722:   c9 0f 84 3b 01 00 00 56 41 57 48 83 ec 28 48 89
0x00007ffabd23f732:   5c 24 40 4c 8b fa 48 89 6c 24 48 48 8b f1 48 89
0x00007ffabd23f742:   7c 24 50 4c 89 74 24 20 66 0f 1f 44 00 00 33 db
0x00007ffabd23f752:   39 5e 18 7e 45 33 ff 0f 1f 80 00 00 00 00 48 8b
0x00007ffabd23f762:   56 20 48 03 d7 48 8b 2a 48 85 ed 74 22 48 8b 45
0x00007ffabd23f772:   18 83 78 0c 08 74 18 49 8b 07 49 8b cf ff 10 48
0x00007ffabd23f782:   8b 45 18 83 78 08 02 75 06 ff c3 48 83 c7 08 ff
0x00007ffabd23f792:   c3 48 83 c7 08 3b 5e 18 7c c4 33 db 39 5e 30 7e
0x00007ffabd23f7a2:   49 33 ff 66 66 66 0f 1f 84 00 00 00 00 00 48 8b
0x00007ffabd23f7b2:   56 38 48 03 d7 48 8b 2a 48 85 ed 74 22 48 8b 45
0x00007ffabd23f7c2:   18 83 78 0c 08 74 18 49 8b 07 49 8b cf ff 10 48
0x00007ffabd23f7d2:   8b 45 18 83 78 08 02 75 06 ff c3 48 83 c7 08 ff
0x00007ffabd23f7e2:   c3 48 83 c7 08 3b 5e 30 7c c4 4c 8b 76 48 4d 85
0x00007ffabd23f7f2:   f6 74 47 33 db 41 39 1e 7e 40 33 ff 66 90 49 8b
0x00007ffabd23f802:   56 08 48 03 d7 48 8b 2a 48 85 ed 74 22 48 8b 45
0x00007ffabd23f812:   18 83 78 0c 08 74 18 49 8b 07 49 8b cf ff 10 48
0x00007ffabd23f822:   8b 45 18 83 78 08 02 75 06 ff c3 48 83 c7 08 ff
0x00007ffabd23f832:   c3 48 83 c7 08 41 3b 1e 7c c4 48 8b 76 08 48 85
0x00007ffabd23f842:   f6 0f 85 07 ff ff ff 4c 8b 74 24 20 48 8b 7c 24 


Stack slot to memory mapping:
stack at sp + 0 slots: 0x0 is NULL
stack at sp + 1 slots: 0x00007ffabd1fc310 jvm.dll
stack at sp + 2 slots: 0x0000021267926fb0 points into unknown readable memory: 0x00007ffabd9cc450 | 50 c4 9c bd fa 7f 00 00
stack at sp + 3 slots: 0x0000021267926dc0 points into unknown readable memory: 0x00007ffabd9d0f18 | 18 0f 9d bd fa 7f 00 00
stack at sp + 4 slots: 0x000002126bc4afb0 points into unknown readable memory: 0x00007ffabd9d1530 | 30 15 9d bd fa 7f 00 00
stack at sp + 5 slots: 0x000002126b75a860 points into unknown readable memory: 0x00000070887feb90 | 90 eb 7f 88 70 00 00 00
stack at sp + 6 slots: 0x00000070887fe7d0 is pointing into the stack for thread: 0x000002126555fdf0
stack at sp + 7 slots: 0x00007ffabd1fc26e jvm.dll


---------------  P R O C E S S  ---------------

Threads class SMR info:
_java_thread_list=0x000002126b70f740, length=28, elements={
0x000002124fbab7e0, 0x000002124fc61610, 0x000002124fc63eb0, 0x000002124fc6b0b0,
0x000002124fc6dd30, 0x000002124fc6e9a0, 0x000002126555c850, 0x000002126555f440,
0x000002126555fdf0, 0x0000021265560e90, 0x0000021265652460, 0x00000212658fe820,
0x00000212657d6350, 0x0000021267ee0a10, 0x0000021267ef2010, 0x0000021267c7f020,
0x000002126786ba50, 0x0000021268097270, 0x000002126814d730, 0x0000021268380950,
0x0000021268380480, 0x0000021268320290, 0x0000021268381c90, 0x00000212683817c0,
0x0000021268382160, 0x0000021268382630, 0x000002126837f140, 0x0000021268382b00
}

Java Threads: ( => current thread )
  0x000002124fbab7e0 JavaThread "main" [_thread_blocked, id=8052, stack(0x0000007087d00000,0x0000007087e00000)]
  0x000002124fc61610 JavaThread "Reference Handler" daemon [_thread_blocked, id=4720, stack(0x0000007088000000,0x0000007088100000)]
  0x000002124fc63eb0 JavaThread "Finalizer" daemon [_thread_blocked, id=9740, stack(0x0000007088100000,0x0000007088200000)]
  0x000002124fc6b0b0 JavaThread "Signal Dispatcher" daemon [_thread_blocked, id=9316, stack(0x0000007088200000,0x0000007088300000)]
  0x000002124fc6dd30 JavaThread "Attach Listener" daemon [_thread_blocked, id=5688, stack(0x0000007088300000,0x0000007088400000)]
  0x000002124fc6e9a0 JavaThread "Service Thread" daemon [_thread_blocked, id=6048, stack(0x0000007088400000,0x0000007088500000)]
  0x000002126555c850 JavaThread "Monitor Deflation Thread" daemon [_thread_blocked, id=6304, stack(0x0000007088500000,0x0000007088600000)]
  0x000002126555f440 JavaThread "C2 CompilerThread0" daemon [_thread_in_native, id=5308, stack(0x0000007088600000,0x0000007088700000)]
=>0x000002126555fdf0 JavaThread "C1 CompilerThread0" daemon [_thread_in_native, id=6852, stack(0x0000007088700000,0x0000007088800000)]
  0x0000021265560e90 JavaThread "Sweeper thread" daemon [_thread_blocked, id=16016, stack(0x0000007088800000,0x0000007088900000)]
  0x0000021265652460 JavaThread "Common-Cleaner" daemon [_thread_blocked, id=14260, stack(0x0000007088900000,0x0000007088a00000)]
  0x00000212658fe820 JavaThread "Notification Thread" daemon [_thread_blocked, id=3008, stack(0x0000007088a00000,0x0000007088b00000)]
  0x00000212657d6350 JavaThread "Active Thread: Equinox Container: b5090030-fd13-4213-9ef7-6ca850d35d54" [_thread_blocked, id=10908, stack(0x0000007089300000,0x0000007089400000)]
  0x0000021267ee0a10 JavaThread "Framework Event Dispatcher: Equinox Container: b5090030-fd13-4213-9ef7-6ca850d35d54" daemon [_thread_blocked, id=13824, stack(0x0000007089400000,0x0000007089500000)]
  0x0000021267ef2010 JavaThread "Start Level: Equinox Container: b5090030-fd13-4213-9ef7-6ca850d35d54" daemon [_thread_blocked, id=5968, stack(0x0000007089500000,0x0000007089600000)]
  0x0000021267c7f020 JavaThread "SCR Component Actor" daemon [_thread_blocked, id=2388, stack(0x0000007089600000,0x0000007089700000)]
  0x000002126786ba50 JavaThread "SCR Component Registry" daemon [_thread_blocked, id=10640, stack(0x0000007089200000,0x0000007089300000)]
  0x0000021268097270 JavaThread "Bundle File Closer" daemon [_thread_blocked, id=13480, stack(0x0000007089900000,0x0000007089a00000)]
  0x000002126814d730 JavaThread "Worker-JM" [_thread_blocked, id=12188, stack(0x0000007089800000,0x0000007089900000)]
  0x0000021268380950 JavaThread "Worker-0: Updating Maven Dependencies" [_thread_blocked, id=6732, stack(0x0000007089a00000,0x0000007089b00000)]
  0x0000021268380480 JavaThread "Worker-1: Repository registry initialization" [_thread_in_vm, id=10120, stack(0x0000007089b00000,0x0000007089c00000)]
  0x0000021268320290 JavaThread "C2 CompilerThread1" daemon [_thread_blocked, id=14912, stack(0x0000007089c00000,0x0000007089d00000)]
  0x0000021268381c90 JavaThread "Java indexing" daemon [_thread_blocked, id=6588, stack(0x0000007089d00000,0x0000007089e00000)]
  0x00000212683817c0 JavaThread "Worker-2" [_thread_blocked, id=12904, stack(0x0000007089e00000,0x0000007089f00000)]
  0x0000021268382160 JavaThread "Worker-3" [_thread_blocked, id=2948, stack(0x000000708a000000,0x000000708a100000)]
  0x0000021268382630 JavaThread "JNA Cleaner" daemon [_thread_blocked, id=11708, stack(0x000000708a100000,0x000000708a200000)]
  0x000002126837f140 JavaThread "pool-2-thread-1" [_thread_blocked, id=9632, stack(0x000000708a200000,0x000000708a300000)]
  0x0000021268382b00 JavaThread "pool-1-thread-1" [_thread_in_native, id=12540, stack(0x000000708a300000,0x000000708a400000)]

Other Threads:
  0x0000021263a29970 VMThread "VM Thread" [stack: 0x0000007087f00000,0x0000007088000000] [id=10704]
  0x00000212658fecf0 WatcherThread [stack: 0x0000007088b00000,0x0000007088c00000] [id=7748]
  0x000002124fbbf350 GCTaskThread "GC Thread#0" [stack: 0x0000007087e00000,0x0000007087f00000] [id=10540]
  0x0000021267a4f330 GCTaskThread "GC Thread#1" [stack: 0x0000007088c00000,0x0000007088d00000] [id=16200]
  0x0000021267a4f5e0 GCTaskThread "GC Thread#2" [stack: 0x0000007088d00000,0x0000007088e00000] [id=6100]
  0x00000212664e2400 GCTaskThread "GC Thread#3" [stack: 0x0000007088e00000,0x0000007088f00000] [id=13788]
  0x00000212664e26b0 GCTaskThread "GC Thread#4" [stack: 0x0000007088f00000,0x0000007089000000] [id=14756]
  0x0000021267a84320 GCTaskThread "GC Thread#5" [stack: 0x0000007089000000,0x0000007089100000] [id=14448]
  0x0000021267a845d0 GCTaskThread "GC Thread#6" [stack: 0x0000007089100000,0x0000007089200000] [id=13412]
  0x0000021267c820e0 GCTaskThread "GC Thread#7" [stack: 0x0000007089700000,0x0000007089800000] [id=2900]

Threads with active compile tasks:
C2 CompilerThread0     9039 3600   !   4       org.eclipse.osgi.internal.loader.BundleLoader::findClass0 (466 bytes)
C1 CompilerThread0     9039 3619       3       com.google.gson.stream.JsonReader::doPeek (744 bytes)

VM state: not at safepoint (normal execution)

VM Mutex/Monitor currently owned by a thread: None

Heap address: 0x00000000c0000000, size: 1024 MB, Compressed Oops mode: 32-bit

CDS archive(s) not mapped
Compressed class space mapped at: 0x0000000100000000-0x0000000140000000, reserved size: 1073741824
Narrow klass base: 0x0000000000000000, Narrow klass shift: 3, Narrow klass range: 0x140000000

GC Precious Log:
 CPUs: 8 total, 8 available
 Memory: 6091M
 Large Page Support: Disabled
 NUMA Support: Disabled
 Compressed Oops: Enabled (32-bit)
 Alignments: Space 512K, Generation 512K, Heap 2M
 Heap Min Capacity: 100M
 Heap Initial Capacity: 100M
 Heap Max Capacity: 1G
 Pre-touch: Disabled
 Parallel Workers: 8

Heap:
 PSYoungGen      total 24064K, used 11733K [0x00000000eab00000, 0x00000000ec700000, 0x0000000100000000)
  eden space 23040K, 47% used [0x00000000eab00000,0x00000000eb59d798,0x00000000ec180000)
  from space 1024K, 84% used [0x00000000ec600000,0x00000000ec6d8000,0x00000000ec700000)
  to   space 1536K, 0% used [0x00000000ec400000,0x00000000ec400000,0x00000000ec580000)
 ParOldGen       total 68608K, used 12795K [0x00000000c0000000, 0x00000000c4300000, 0x00000000eab00000)
  object space 68608K, 18% used [0x00000000c0000000,0x00000000c0c7ed28,0x00000000c4300000)
 Metaspace       used 38987K, committed 39616K, reserved 1089536K
  class space    used 4090K, committed 4352K, reserved 1048576K

Card table byte_map: [0x000002124f550000,0x000002124f760000] _byte_map_base: 0x000002124ef50000

Marking Bits: (ParMarkBitMap*) 0x00007ffabdc30dd0
 Begin Bits: [0x0000021261830000, 0x0000021262830000)
 End Bits:   [0x0000021262830000, 0x0000021263830000)

Polling page: 0x000002124db70000

Metaspace:

Usage:
  Non-class:     34.08 MB used.
      Class:      3.99 MB used.
       Both:     38.07 MB used.

Virtual space:
  Non-class space:       40.00 MB reserved,      34.44 MB ( 86%) committed,  5 nodes.
      Class space:        1.00 GB reserved,       4.25 MB ( <1%) committed,  1 nodes.
             Both:        1.04 GB reserved,      38.69 MB (  4%) committed. 

Chunk freelists:
   Non-Class:  1.39 MB
       Class:  3.72 MB
        Both:  5.11 MB

MaxMetaspaceSize: unlimited
CompressedClassSpaceSize: 1.00 GB
Initial GC threshold: 21.00 MB
Current GC threshold: 58.38 MB
CDS: off
MetaspaceReclaimPolicy: balanced
 - commit_granule_bytes: 65536.
 - commit_granule_words: 8192.
 - virtual_space_node_default_size: 1048576.
 - enlarge_chunks_in_place: 1.
 - new_chunks_are_fully_committed: 0.
 - uncommit_free_chunks: 1.
 - use_allocation_guard: 0.
 - handle_deallocations: 1.


Internal statistics:

num_allocs_failed_limit: 6.
num_arena_births: 286.
num_arena_deaths: 14.
num_vsnodes_births: 6.
num_vsnodes_deaths: 0.
num_space_committed: 619.
num_space_uncommitted: 0.
num_chunks_returned_to_freelist: 20.
num_chunks_taken_from_freelist: 1562.
num_chunk_merges: 10.
num_chunk_splits: 1004.
num_chunks_enlarged: 648.
num_purges: 2.
num_inconsistent_stats: 0.

CodeHeap 'non-profiled nmethods': size=120000Kb used=1850Kb max_used=1850Kb free=118150Kb
 bounds [0x000002125a300000, 0x000002125a570000, 0x0000021261830000]
CodeHeap 'profiled nmethods': size=120000Kb used=7416Kb max_used=7416Kb free=112583Kb
 bounds [0x0000021252dd0000, 0x0000021253510000, 0x000002125a300000]
CodeHeap 'non-nmethods': size=5760Kb used=1257Kb max_used=1316Kb free=4503Kb
 bounds [0x0000021252830000, 0x0000021252aa0000, 0x0000021252dd0000]
 total_blobs=4193 nmethods=3615 adapters=491
 compilation: enabled
              stopped_count=0, restarted_count=0
 full_count=0

Compilation events (20 events):
Event: 8.653 Thread 0x000002126555fdf0 nmethod 3609 0x0000021253502c10 code [0x0000021253502da0, 0x0000021253502f18]
Event: 8.663 Thread 0x000002126555fdf0 3610       3       com.google.gson.internal.$Gson$Types::resolve (499 bytes)
Event: 8.668 Thread 0x000002126555fdf0 nmethod 3610 0x0000021253503010 code [0x00000212535034e0, 0x00000212535063a8]
Event: 8.668 Thread 0x000002126555fdf0 3611       3       com.google.gson.internal.$Gson$Types::getRawType (157 bytes)
Event: 8.691 Thread 0x000002126555fdf0 nmethod 3611 0x0000021253507110 code [0x00000212535074c0, 0x0000021253508fd8]
Event: 8.691 Thread 0x000002126555fdf0 3612       3       com.google.gson.reflect.TypeToken::<init> (41 bytes)
Event: 8.692 Thread 0x000002126555fdf0 nmethod 3612 0x0000021253509690 code [0x0000021253509880, 0x0000021253509db8]
Event: 8.799 Thread 0x0000021268320290 3613       4       java.lang.AbstractStringBuilder::<init> (63 bytes)
Event: 8.801 Thread 0x000002126555fdf0 3614       3       java.lang.Class::getInterfaces (49 bytes)
Event: 8.801 Thread 0x000002126555fdf0 nmethod 3614 0x0000021253509f90 code [0x000002125350a180, 0x000002125350a618]
Event: 8.818 Thread 0x0000021268320290 nmethod 3613 0x000002125a4cc710 code [0x000002125a4cc8c0, 0x000002125a4cd018]
Event: 8.818 Thread 0x0000021268320290 3615       4       java.util.HashMap::putVal (300 bytes)
Event: 8.851 Thread 0x0000021268320290 nmethod 3615 0x000002125a4cd490 code [0x000002125a4cd680, 0x000002125a4ce0a8]
Event: 8.864 Thread 0x000002126555fdf0 3616       3       com.google.gson.internal.$Gson$Types::resolve (14 bytes)
Event: 8.865 Thread 0x000002126555fdf0 nmethod 3616 0x000002125350a790 code [0x000002125350a940, 0x000002125350abe8]
Event: 8.877 Thread 0x000002126555fdf0 3617       3       com.google.gson.stream.JsonReader::nextNonWhitespace (354 bytes)
Event: 8.881 Thread 0x000002126555fdf0 nmethod 3617 0x000002125350ad10 code [0x000002125350b1c0, 0x000002125350d058]
Event: 8.881 Thread 0x000002126555fdf0 3618       3       java.lang.reflect.Constructor::acquireConstructorAccessor (44 bytes)
Event: 8.882 Thread 0x000002126555fdf0 nmethod 3618 0x000002125350db10 code [0x000002125350dce0, 0x000002125350e118]
Event: 8.891 Thread 0x000002126555fdf0 3619       3       com.google.gson.stream.JsonReader::doPeek (744 bytes)

GC Heap History (20 events):
Event: 3.608 GC heap before
{Heap before GC invocations=3 (full 0):
 PSYoungGen      total 29696K, used 29671K [0x00000000eab00000, 0x00000000ecc00000, 0x0000000100000000)
  eden space 25600K, 100% used [0x00000000eab00000,0x00000000ec400000,0x00000000ec400000)
  from space 4096K, 99% used [0x00000000ec800000,0x00000000ecbf9ed8,0x00000000ecc00000)
  to   space 4096K, 0% used [0x00000000ec400000,0x00000000ec400000,0x00000000ec800000)
 ParOldGen       total 68608K, used 1891K [0x00000000c0000000, 0x00000000c4300000, 0x00000000eab00000)
  object space 68608K, 2% used [0x00000000c0000000,0x00000000c01d8d80,0x00000000c4300000)
 Metaspace       used 17971K, committed 18368K, reserved 1073152K
  class space    used 1818K, committed 1984K, reserved 1048576K
}
Event: 3.615 GC heap after
{Heap after GC invocations=3 (full 0):
 PSYoungGen      total 29696K, used 4093K [0x00000000eab00000, 0x00000000ecc00000, 0x0000000100000000)
  eden space 25600K, 0% used [0x00000000eab00000,0x00000000eab00000,0x00000000ec400000)
  from space 4096K, 99% used [0x00000000ec400000,0x00000000ec7ff650,0x00000000ec800000)
  to   space 4096K, 0% used [0x00000000ec800000,0x00000000ec800000,0x00000000ecc00000)
 ParOldGen       total 68608K, used 5606K [0x00000000c0000000, 0x00000000c4300000, 0x00000000eab00000)
  object space 68608K, 8% used [0x00000000c0000000,0x00000000c0579930,0x00000000c4300000)
 Metaspace       used 17971K, committed 18368K, reserved 1073152K
  class space    used 1818K, committed 1984K, reserved 1048576K
}
Event: 4.175 GC heap before
{Heap before GC invocations=4 (full 0):
 PSYoungGen      total 29696K, used 20297K [0x00000000eab00000, 0x00000000ecc00000, 0x0000000100000000)
  eden space 25600K, 63% used [0x00000000eab00000,0x00000000ebad2f98,0x00000000ec400000)
  from space 4096K, 99% used [0x00000000ec400000,0x00000000ec7ff650,0x00000000ec800000)
  to   space 4096K, 0% used [0x00000000ec800000,0x00000000ec800000,0x00000000ecc00000)
 ParOldGen       total 68608K, used 5606K [0x00000000c0000000, 0x00000000c4300000, 0x00000000eab00000)
  object space 68608K, 8% used [0x00000000c0000000,0x00000000c0579930,0x00000000c4300000)
 Metaspace       used 21101K, committed 21504K, reserved 1073152K
  class space    used 2128K, committed 2304K, reserved 1048576K
}
Event: 4.180 GC heap after
{Heap after GC invocations=4 (full 0):
 PSYoungGen      total 29696K, used 4085K [0x00000000eab00000, 0x00000000ecc00000, 0x0000000100000000)
  eden space 25600K, 0% used [0x00000000eab00000,0x00000000eab00000,0x00000000ec400000)
  from space 4096K, 99% used [0x00000000ec800000,0x00000000ecbfd518,0x00000000ecc00000)
  to   space 4096K, 0% used [0x00000000ec400000,0x00000000ec400000,0x00000000ec800000)
 ParOldGen       total 68608K, used 6505K [0x00000000c0000000, 0x00000000c4300000, 0x00000000eab00000)
  object space 68608K, 9% used [0x00000000c0000000,0x00000000c065a4f0,0x00000000c4300000)
 Metaspace       used 21101K, committed 21504K, reserved 1073152K
  class space    used 2128K, committed 2304K, reserved 1048576K
}
Event: 4.180 GC heap before
{Heap before GC invocations=5 (full 1):
 PSYoungGen      total 29696K, used 4085K [0x00000000eab00000, 0x00000000ecc00000, 0x0000000100000000)
  eden space 25600K, 0% used [0x00000000eab00000,0x00000000eab00000,0x00000000ec400000)
  from space 4096K, 99% used [0x00000000ec800000,0x00000000ecbfd518,0x00000000ecc00000)
  to   space 4096K, 0% used [0x00000000ec400000,0x00000000ec400000,0x00000000ec800000)
 ParOldGen       total 68608K, used 6505K [0x00000000c0000000, 0x00000000c4300000, 0x00000000eab00000)
  object space 68608K, 9% used [0x00000000c0000000,0x00000000c065a4f0,0x00000000c4300000)
 Metaspace       used 21101K, committed 21504K, reserved 1073152K
  class space    used 2128K, committed 2304K, reserved 1048576K
}
Event: 4.217 GC heap after
{Heap after GC invocations=5 (full 1):
 PSYoungGen      total 29696K, used 0K [0x00000000eab00000, 0x00000000ecc00000, 0x0000000100000000)
  eden space 25600K, 0% used [0x00000000eab00000,0x00000000eab00000,0x00000000ec400000)
  from space 4096K, 0% used [0x00000000ec800000,0x00000000ec800000,0x00000000ecc00000)
  to   space 4096K, 0% used [0x00000000ec400000,0x00000000ec400000,0x00000000ec800000)
 ParOldGen       total 68608K, used 10375K [0x00000000c0000000, 0x00000000c4300000, 0x00000000eab00000)
  object space 68608K, 15% used [0x00000000c0000000,0x00000000c0a21da0,0x00000000c4300000)
 Metaspace       used 21088K, committed 21504K, reserved 1073152K
  class space    used 2124K, committed 2304K, reserved 1048576K
}
Event: 4.890 GC heap before
{Heap before GC invocations=6 (full 1):
 PSYoungGen      total 29696K, used 25600K [0x00000000eab00000, 0x00000000ecc00000, 0x0000000100000000)
  eden space 25600K, 100% used [0x00000000eab00000,0x00000000ec400000,0x00000000ec400000)
  from space 4096K, 0% used [0x00000000ec800000,0x00000000ec800000,0x00000000ecc00000)
  to   space 4096K, 0% used [0x00000000ec400000,0x00000000ec400000,0x00000000ec800000)
 ParOldGen       total 68608K, used 10375K [0x00000000c0000000, 0x00000000c4300000, 0x00000000eab00000)
  object space 68608K, 15% used [0x00000000c0000000,0x00000000c0a21da0,0x00000000c4300000)
 Metaspace       used 24478K, committed 24896K, reserved 1073152K
  class space    used 2491K, committed 2688K, reserved 1048576K
}
Event: 4.893 GC heap after
{Heap after GC invocations=6 (full 1):
 PSYoungGen      total 29184K, used 3316K [0x00000000eab00000, 0x00000000ecc80000, 0x0000000100000000)
  eden space 25088K, 0% used [0x00000000eab00000,0x00000000eab00000,0x00000000ec380000)
  from space 4096K, 80% used [0x00000000ec400000,0x00000000ec73d020,0x00000000ec800000)
  to   space 4608K, 0% used [0x00000000ec800000,0x00000000ec800000,0x00000000ecc80000)
 ParOldGen       total 68608K, used 10383K [0x00000000c0000000, 0x00000000c4300000, 0x00000000eab00000)
  object space 68608K, 15% used [0x00000000c0000000,0x00000000c0a23da0,0x00000000c4300000)
 Metaspace       used 24478K, committed 24896K, reserved 1073152K
  class space    used 2491K, committed 2688K, reserved 1048576K
}
Event: 5.277 GC heap before
{Heap before GC invocations=7 (full 1):
 PSYoungGen      total 29184K, used 28404K [0x00000000eab00000, 0x00000000ecc80000, 0x0000000100000000)
  eden space 25088K, 100% used [0x00000000eab00000,0x00000000ec380000,0x00000000ec380000)
  from space 4096K, 80% used [0x00000000ec400000,0x00000000ec73d020,0x00000000ec800000)
  to   space 4608K, 0% used [0x00000000ec800000,0x00000000ec800000,0x00000000ecc80000)
 ParOldGen       total 68608K, used 10383K [0x00000000c0000000, 0x00000000c4300000, 0x00000000eab00000)
  object space 68608K, 15% used [0x00000000c0000000,0x00000000c0a23da0,0x00000000c4300000)
 Metaspace       used 27622K, committed 28032K, reserved 1081344K
  class space    used 2721K, committed 2880K, reserved 1048576K
}
Event: 5.280 GC heap after
{Heap after GC invocations=7 (full 1):
 PSYoungGen      total 28160K, used 3406K [0x00000000eab00000, 0x00000000ecb80000, 0x0000000100000000)
  eden space 24576K, 0% used [0x00000000eab00000,0x00000000eab00000,0x00000000ec300000)
  from space 3584K, 95% used [0x00000000ec800000,0x00000000ecb53bd8,0x00000000ecb80000)
  to   space 3584K, 0% used [0x00000000ec480000,0x00000000ec480000,0x00000000ec800000)
 ParOldGen       total 68608K, used 10383K [0x00000000c0000000, 0x00000000c4300000, 0x00000000eab00000)
  object space 68608K, 15% used [0x00000000c0000000,0x00000000c0a23da0,0x00000000c4300000)
 Metaspace       used 27622K, committed 28032K, reserved 1081344K
  class space    used 2721K, committed 2880K, reserved 1048576K
}
Event: 5.838 GC heap before
{Heap before GC invocations=8 (full 1):
 PSYoungGen      total 28160K, used 27982K [0x00000000eab00000, 0x00000000ecb80000, 0x0000000100000000)
  eden space 24576K, 100% used [0x00000000eab00000,0x00000000ec300000,0x00000000ec300000)
  from space 3584K, 95% used [0x00000000ec800000,0x00000000ecb53bd8,0x00000000ecb80000)
  to   space 3584K, 0% used [0x00000000ec480000,0x00000000ec480000,0x00000000ec800000)
 ParOldGen       total 68608K, used 10383K [0x00000000c0000000, 0x00000000c4300000, 0x00000000eab00000)
  object space 68608K, 15% used [0x00000000c0000000,0x00000000c0a23da0,0x00000000c4300000)
 Metaspace       used 31289K, committed 31808K, reserved 1081344K
  class space    used 3059K, committed 3328K, reserved 1048576K
}
Event: 5.843 GC heap after
{Heap after GC invocations=8 (full 1):
 PSYoungGen      total 27648K, used 3135K [0x00000000eab00000, 0x00000000ec980000, 0x0000000100000000)
  eden space 24064K, 0% used [0x00000000eab00000,0x00000000eab00000,0x00000000ec280000)
  from space 3584K, 87% used [0x00000000ec480000,0x00000000ec78fee0,0x00000000ec800000)
  to   space 1536K, 0% used [0x00000000ec800000,0x00000000ec800000,0x00000000ec980000)
 ParOldGen       total 68608K, used 10391K [0x00000000c0000000, 0x00000000c4300000, 0x00000000eab00000)
  object space 68608K, 15% used [0x00000000c0000000,0x00000000c0a25da0,0x00000000c4300000)
 Metaspace       used 31289K, committed 31808K, reserved 1081344K
  class space    used 3059K, committed 3328K, reserved 1048576K
}
Event: 6.785 GC heap before
{Heap before GC invocations=9 (full 1):
 PSYoungGen      total 27648K, used 27199K [0x00000000eab00000, 0x00000000ec980000, 0x0000000100000000)
  eden space 24064K, 100% used [0x00000000eab00000,0x00000000ec280000,0x00000000ec280000)
  from space 3584K, 87% used [0x00000000ec480000,0x00000000ec78fee0,0x00000000ec800000)
  to   space 1536K, 0% used [0x00000000ec800000,0x00000000ec800000,0x00000000ec980000)
 ParOldGen       total 68608K, used 10391K [0x00000000c0000000, 0x00000000c4300000, 0x00000000eab00000)
  object space 68608K, 15% used [0x00000000c0000000,0x00000000c0a25da0,0x00000000c4300000)
 Metaspace       used 35110K, committed 35776K, reserved 1081344K
  class space    used 3582K, committed 3840K, reserved 1048576K
}
Event: 6.790 GC heap after
{Heap after GC invocations=9 (full 1):
 PSYoungGen      total 25088K, used 1526K [0x00000000eab00000, 0x00000000ecb00000, 0x0000000100000000)
  eden space 23552K, 0% used [0x00000000eab00000,0x00000000eab00000,0x00000000ec200000)
  from space 1536K, 99% used [0x00000000ec800000,0x00000000ec97d988,0x00000000ec980000)
  to   space 4608K, 0% used [0x00000000ec200000,0x00000000ec200000,0x00000000ec680000)
 ParOldGen       total 68608K, used 12980K [0x00000000c0000000, 0x00000000c4300000, 0x00000000eab00000)
  object space 68608K, 18% used [0x00000000c0000000,0x00000000c0cad080,0x00000000c4300000)
 Metaspace       used 35110K, committed 35776K, reserved 1081344K
  class space    used 3582K, committed 3840K, reserved 1048576K
}
Event: 6.826 GC heap before
{Heap before GC invocations=10 (full 1):
 PSYoungGen      total 25088K, used 2462K [0x00000000eab00000, 0x00000000ecb00000, 0x0000000100000000)
  eden space 23552K, 3% used [0x00000000eab00000,0x00000000eabea128,0x00000000ec200000)
  from space 1536K, 99% used [0x00000000ec800000,0x00000000ec97d988,0x00000000ec980000)
  to   space 4608K, 0% used [0x00000000ec200000,0x00000000ec200000,0x00000000ec680000)
 ParOldGen       total 68608K, used 12980K [0x00000000c0000000, 0x00000000c4300000, 0x00000000eab00000)
  object space 68608K, 18% used [0x00000000c0000000,0x00000000c0cad080,0x00000000c4300000)
 Metaspace       used 35256K, committed 35840K, reserved 1081344K
  class space    used 3595K, committed 3840K, reserved 1048576K
}
Event: 6.829 GC heap after
{Heap after GC invocations=10 (full 1):
 PSYoungGen      total 25088K, used 1055K [0x00000000eab00000, 0x00000000ec880000, 0x0000000100000000)
  eden space 23552K, 0% used [0x00000000eab00000,0x00000000eab00000,0x00000000ec200000)
  from space 1536K, 68% used [0x00000000ec200000,0x00000000ec307ca8,0x00000000ec380000)
  to   space 2560K, 0% used [0x00000000ec600000,0x00000000ec600000,0x00000000ec880000)
 ParOldGen       total 68608K, used 13675K [0x00000000c0000000, 0x00000000c4300000, 0x00000000eab00000)
  object space 68608K, 19% used [0x00000000c0000000,0x00000000c0d5ae88,0x00000000c4300000)
 Metaspace       used 35256K, committed 35840K, reserved 1081344K
  class space    used 3595K, committed 3840K, reserved 1048576K
}
Event: 6.829 GC heap before
{Heap before GC invocations=11 (full 2):
 PSYoungGen      total 25088K, used 1055K [0x00000000eab00000, 0x00000000ec880000, 0x0000000100000000)
  eden space 23552K, 0% used [0x00000000eab00000,0x00000000eab00000,0x00000000ec200000)
  from space 1536K, 68% used [0x00000000ec200000,0x00000000ec307ca8,0x00000000ec380000)
  to   space 2560K, 0% used [0x00000000ec600000,0x00000000ec600000,0x00000000ec880000)
 ParOldGen       total 68608K, used 13675K [0x00000000c0000000, 0x00000000c4300000, 0x00000000eab00000)
  object space 68608K, 19% used [0x00000000c0000000,0x00000000c0d5ae88,0x00000000c4300000)
 Metaspace       used 35256K, committed 35840K, reserved 1081344K
  class space    used 3595K, committed 3840K, reserved 1048576K
}
Event: 6.865 GC heap after
{Heap after GC invocations=11 (full 2):
 PSYoungGen      total 25088K, used 0K [0x00000000eab00000, 0x00000000ec880000, 0x0000000100000000)
  eden space 23552K, 0% used [0x00000000eab00000,0x00000000eab00000,0x00000000ec200000)
  from space 1536K, 0% used [0x00000000ec200000,0x00000000ec200000,0x00000000ec380000)
  to   space 2560K, 0% used [0x00000000ec600000,0x00000000ec600000,0x00000000ec880000)
 ParOldGen       total 68608K, used 12787K [0x00000000c0000000, 0x00000000c4300000, 0x00000000eab00000)
  object space 68608K, 18% used [0x00000000c0000000,0x00000000c0c7cd28,0x00000000c4300000)
 Metaspace       used 35256K, committed 35840K, reserved 1081344K
  class space    used 3595K, committed 3840K, reserved 1048576K
}
Event: 7.545 GC heap before
{Heap before GC invocations=12 (full 2):
 PSYoungGen      total 25088K, used 23552K [0x00000000eab00000, 0x00000000ec880000, 0x0000000100000000)
  eden space 23552K, 100% used [0x00000000eab00000,0x00000000ec200000,0x00000000ec200000)
  from space 1536K, 0% used [0x00000000ec200000,0x00000000ec200000,0x00000000ec380000)
  to   space 2560K, 0% used [0x00000000ec600000,0x00000000ec600000,0x00000000ec880000)
 ParOldGen       total 68608K, used 12787K [0x00000000c0000000, 0x00000000c4300000, 0x00000000eab00000)
  object space 68608K, 18% used [0x00000000c0000000,0x00000000c0c7cd28,0x00000000c4300000)
 Metaspace       used 37722K, committed 38336K, reserved 1089536K
  class space    used 3928K, committed 4160K, reserved 1048576K
}
Event: 7.547 GC heap after
{Heap after GC invocations=12 (full 2):
 PSYoungGen      total 24064K, used 864K [0x00000000eab00000, 0x00000000ec700000, 0x0000000100000000)
  eden space 23040K, 0% used [0x00000000eab00000,0x00000000eab00000,0x00000000ec180000)
  from space 1024K, 84% used [0x00000000ec600000,0x00000000ec6d8000,0x00000000ec700000)
  to   space 1536K, 0% used [0x00000000ec400000,0x00000000ec400000,0x00000000ec580000)
 ParOldGen       total 68608K, used 12795K [0x00000000c0000000, 0x00000000c4300000, 0x00000000eab00000)
  object space 68608K, 18% used [0x00000000c0000000,0x00000000c0c7ed28,0x00000000c4300000)
 Metaspace       used 37722K, committed 38336K, reserved 1089536K
  class space    used 3928K, committed 4160K, reserved 1048576K
}

Dll operation events (10 events):
Event: 0.015 Loaded shared library c:\Users\Subhanjan\.vscode\extensions\redhat.java-1.13.0-win32-x64\jre\17.0.5-win32-x86_64\bin\java.dll
Event: 0.219 Loaded shared library c:\Users\Subhanjan\.vscode\extensions\redhat.java-1.13.0-win32-x64\jre\17.0.5-win32-x86_64\bin\zip.dll
Event: 0.226 Loaded shared library C:\Users\Subhanjan\.vscode\extensions\redhat.java-1.13.0-win32-x64\jre\17.0.5-win32-x86_64\bin\instrument.dll
Event: 0.248 Loaded shared library C:\Users\Subhanjan\.vscode\extensions\redhat.java-1.13.0-win32-x64\jre\17.0.5-win32-x86_64\bin\net.dll
Event: 0.252 Loaded shared library C:\Users\Subhanjan\.vscode\extensions\redhat.java-1.13.0-win32-x64\jre\17.0.5-win32-x86_64\bin\nio.dll
Event: 0.263 Loaded shared library C:\Users\Subhanjan\.vscode\extensions\redhat.java-1.13.0-win32-x64\jre\17.0.5-win32-x86_64\bin\zip.dll
Event: 0.288 Loaded shared library C:\Users\Subhanjan\.vscode\extensions\redhat.java-1.13.0-win32-x64\jre\17.0.5-win32-x86_64\bin\jimage.dll
Event: 0.404 Loaded shared library c:\Users\Subhanjan\.vscode\extensions\redhat.java-1.13.0-win32-x64\jre\17.0.5-win32-x86_64\bin\verify.dll
Event: 2.381 Loaded shared library C:\Users\Subhanjan\AppData\Roaming\Code\User\globalStorage\redhat.java\1.13.0\config_win\org.eclipse.equinox.launcher\org.eclipse.equinox.launcher.win32.win32.x86_64_1.2.600.v20220720-1916\eclipse_11700.dll
Event: 6.337 Loaded shared library C:\Users\Subhanjan\AppData\Local\Temp\jna--2093043326\jna9758821932441950162.dll

Deoptimization events (20 events):
Event: 7.236 Thread 0x0000021268380480 Uncommon trap: trap_request=0xffffff45 fr.pc=0x000002125a485600 relative=0x0000000000000e20
Event: 7.236 Thread 0x0000021268380480 Uncommon trap: reason=unstable_if action=reinterpret pc=0x000002125a485600 method=sun.nio.cs.StreamDecoder.read0()I @ 39 c2
Event: 7.236 Thread 0x0000021268380480 DEOPT PACKING pc=0x000002125a485600 sp=0x0000007089bfdcf0
Event: 7.236 Thread 0x0000021268380480 DEOPT UNPACKING pc=0x00000212528820a3 sp=0x0000007089bfdb80 mode 2
Event: 7.332 Thread 0x0000021268380480 Uncommon trap: trap_request=0xffffff66 fr.pc=0x000002125a423c88 relative=0x00000000000000e8
Event: 7.332 Thread 0x0000021268380480 Uncommon trap: reason=speculate_class_check action=maybe_recompile pc=0x000002125a423c88 method=java.util.regex.Pattern$CharPredicate.lambda$negate$3(I)Z @ 2 c2
Event: 7.332 Thread 0x0000021268380480 DEOPT PACKING pc=0x000002125a423c88 sp=0x0000007089bfdeb0
Event: 7.332 Thread 0x0000021268380480 DEOPT UNPACKING pc=0x00000212528820a3 sp=0x0000007089bfddd0 mode 2
Event: 7.332 Thread 0x0000021268380480 Uncommon trap: trap_request=0xffffff66 fr.pc=0x000002125a423c88 relative=0x00000000000000e8
Event: 7.332 Thread 0x0000021268380480 Uncommon trap: reason=speculate_class_check action=maybe_recompile pc=0x000002125a423c88 method=java.util.regex.Pattern$CharPredicate.lambda$negate$3(I)Z @ 2 c2
Event: 7.332 Thread 0x0000021268380480 DEOPT PACKING pc=0x000002125a423c88 sp=0x0000007089bfdeb0
Event: 7.332 Thread 0x0000021268380480 DEOPT UNPACKING pc=0x00000212528820a3 sp=0x0000007089bfddd0 mode 2
Event: 7.332 Thread 0x0000021268380480 Uncommon trap: trap_request=0xffffff66 fr.pc=0x000002125a423c88 relative=0x00000000000000e8
Event: 7.332 Thread 0x0000021268380480 Uncommon trap: reason=speculate_class_check action=maybe_recompile pc=0x000002125a423c88 method=java.util.regex.Pattern$CharPredicate.lambda$negate$3(I)Z @ 2 c2
Event: 7.332 Thread 0x0000021268380480 DEOPT PACKING pc=0x000002125a423c88 sp=0x0000007089bfdeb0
Event: 7.332 Thread 0x0000021268380480 DEOPT UNPACKING pc=0x00000212528820a3 sp=0x0000007089bfddd0 mode 2
Event: 7.332 Thread 0x0000021268380480 Uncommon trap: trap_request=0xffffff66 fr.pc=0x000002125a423c88 relative=0x00000000000000e8
Event: 7.332 Thread 0x0000021268380480 Uncommon trap: reason=speculate_class_check action=maybe_recompile pc=0x000002125a423c88 method=java.util.regex.Pattern$CharPredicate.lambda$negate$3(I)Z @ 2 c2
Event: 7.332 Thread 0x0000021268380480 DEOPT PACKING pc=0x000002125a423c88 sp=0x0000007089bfdeb0
Event: 7.332 Thread 0x0000021268380480 DEOPT UNPACKING pc=0x00000212528820a3 sp=0x0000007089bfddd0 mode 2

Classes unloaded (7 events):
Event: 4.186 Thread 0x0000021263a29970 Unloading class 0x000000010021e400 'java/lang/invoke/LambdaForm$MH+0x000000010021e400'
Event: 4.186 Thread 0x0000021263a29970 Unloading class 0x000000010021e000 'java/lang/invoke/LambdaForm$MH+0x000000010021e000'
Event: 4.186 Thread 0x0000021263a29970 Unloading class 0x000000010021dc00 'java/lang/invoke/LambdaForm$MH+0x000000010021dc00'
Event: 4.186 Thread 0x0000021263a29970 Unloading class 0x000000010021d800 'java/lang/invoke/LambdaForm$MH+0x000000010021d800'
Event: 4.186 Thread 0x0000021263a29970 Unloading class 0x000000010021d000 'java/lang/invoke/LambdaForm$BMH+0x000000010021d000'
Event: 4.186 Thread 0x0000021263a29970 Unloading class 0x000000010021cc00 'java/lang/invoke/LambdaForm$DMH+0x000000010021cc00'
Event: 4.186 Thread 0x0000021263a29970 Unloading class 0x000000010021a000 'java/lang/invoke/LambdaForm$DMH+0x000000010021a000'

Classes redefined (0 events):
No events

Internal exceptions (20 events):
Event: 5.469 Thread 0x0000021267ef2010 Exception <a 'java/lang/ClassNotFoundException'{0x00000000eb9f6340}: com/sun/org/apache/xerces/internal/impl/msg/spi/DOMMessagesProvider> (0x00000000eb9f6340) 
thrown [s\src\hotspot\share\classfile\systemDictionary.cpp, line 256]
Event: 5.473 Thread 0x0000021267ef2010 Exception <a 'java/lang/ClassNotFoundException'{0x00000000eba12278}: com/sun/org/apache/xerces/internal/impl/msg/spi/XMLSerializerMessagesProvider> (0x00000000eba12278) 
thrown [s\src\hotspot\share\classfile\systemDictionary.cpp, line 256]
Event: 5.474 Thread 0x0000021267ef2010 Exception <a 'java/lang/ClassNotFoundException'{0x00000000eba1f500}: com/sun/org/apache/xerces/internal/impl/msg/spi/XMLMessagesProvider> (0x00000000eba1f500) 
thrown [s\src\hotspot\share\classfile\systemDictionary.cpp, line 256]
Event: 5.543 Thread 0x0000021267ef2010 Exception <a 'sun/nio/fs/WindowsException'{0x00000000ebbe7e78}> (0x00000000ebbe7e78) 
thrown [s\src\hotspot\share\prims\jni.cpp, line 516]
Event: 5.607 Thread 0x0000021267ef2010 Exception <a 'java/lang/NoSuchMethodError'{0x00000000ebde5b90}: 'java.lang.Object java.lang.invoke.DirectMethodHandle$Holder.invokeStaticInit(java.lang.Object, int, int, int, int)'> (0x00000000ebde5b90) 
thrown [s\src\hotspot\share\interpreter\linkResolver.cpp, line 759]
Event: 5.713 Thread 0x0000021267ef2010 Exception <a 'java/lang/NoSuchMethodError'{0x00000000ebeb0620}: 'java.lang.Object java.lang.invoke.DirectMethodHandle$Holder.invokeStaticInit(java.lang.Object, java.lang.Object, int, int, int, int)'> (0x00000000ebeb0620) 
thrown [s\src\hotspot\share\interpreter\linkResolver.cpp, line 759]
Event: 5.815 Thread 0x0000021267ef2010 Exception <a 'java/lang/ClassNotFoundException'{0x00000000ec1b37f0}: com/sun/org/apache/xml/internal/serializer/spi/XMLEntitiesProvider> (0x00000000ec1b37f0) 
thrown [s\src\hotspot\share\classfile\systemDictionary.cpp, line 256]
Event: 5.819 Thread 0x0000021268380950 Exception <a 'java/lang/NoSuchMethodError'{0x00000000ec263e38}: 'java.lang.Object java.lang.invoke.DirectMethodHandle$Holder.newInvokeSpecial(java.lang.Object, java.lang.Object, java.lang.Object, java.lang.Object, java.lang.Object)'> (0x00000000ec263e38) 
thrown [s\src\hotspot\share\interpreter\linkResolver.cpp, line 759]
Event: 6.101 Thread 0x0000021267ef2010 Exception <a 'java/io/FileNotFoundException'{0x00000000eb237828}> (0x00000000eb237828) 
thrown [s\src\hotspot\share\prims\jni.cpp, line 516]
Event: 6.458 Thread 0x0000021267ef2010 Exception <a 'java/lang/UnsatisfiedLinkError'{0x00000000eb88db90}: The specified procedure could not be found.
> (0x00000000eb88db90) 
thrown [s\src\hotspot\share\prims\jni.cpp, line 535]
Event: 6.500 Thread 0x0000021267ef2010 Exception <a 'java/io/FileNotFoundException'{0x00000000eb8b0a20}> (0x00000000eb8b0a20) 
thrown [s\src\hotspot\share\prims\jni.cpp, line 516]
Event: 6.525 Thread 0x0000021267ef2010 Exception <a 'java/io/FileNotFoundException'{0x00000000eb9e2668}> (0x00000000eb9e2668) 
thrown [s\src\hotspot\share\prims\jni.cpp, line 516]
Event: 6.572 Thread 0x0000021267ef2010 Exception <a 'java/lang/UnsatisfiedLinkError'{0x00000000ebad5ab0}: The specified procedure could not be found.
> (0x00000000ebad5ab0) 
thrown [s\src\hotspot\share\prims\jni.cpp, line 535]
Event: 6.804 Thread 0x000002124fbab7e0 Exception <a 'java/lang/NoSuchMethodError'{0x00000000eab59708}: 'java.lang.Object java.lang.invoke.DirectMethodHandle$Holder.invokeStatic(java.lang.Object, java.lang.Object, long, java.lang.Object)'> (0x00000000eab59708) 
thrown [s\src\hotspot\share\interpreter\linkResolver.cpp, line 759]
Event: 6.805 Thread 0x000002124fbab7e0 Exception <a 'java/lang/NoSuchMethodError'{0x00000000eab78188}: 'java.lang.Object java.lang.invoke.DirectMethodHandle$Holder.invokeStaticInit(java.lang.Object, java.lang.Object, long, java.lang.Object)'> (0x00000000eab78188) 
thrown [s\src\hotspot\share\interpreter\linkResolver.cpp, line 759]
Event: 6.807 Thread 0x000002124fbab7e0 Exception <a 'java/lang/NoSuchMethodError'{0x00000000eab7ea20}: 'java.lang.Object java.lang.invoke.DirectMethodHandle$Holder.newInvokeSpecial(java.lang.Object, java.lang.Object, long)'> (0x00000000eab7ea20) 
thrown [s\src\hotspot\share\interpreter\linkResolver.cpp, line 759]
Event: 6.808 Thread 0x000002124fbab7e0 Exception <a 'java/lang/NoSuchMethodError'{0x00000000eab82590}: 'java.lang.Object java.lang.invoke.Invokers$Holder.linkToTargetMethod(java.lang.Object, long, java.lang.Object)'> (0x00000000eab82590) 
thrown [s\src\hotspot\share\interpreter\linkResolver.cpp, line 759]
Event: 6.925 Thread 0x0000021268380480 Exception <a 'java/lang/NoClassDefFoundError'{0x00000000ead2c908}: javax/enterprise/inject/Typed> (0x00000000ead2c908) 
thrown [s\src\hotspot\share\classfile\systemDictionary.cpp, line 245]
Event: 6.952 Thread 0x000002124fbab7e0 Exception <a 'java/lang/NoSuchMethodError'{0x00000000eae66820}: 'void java.lang.invoke.DirectMethodHandle$Holder.invokeStatic(java.lang.Object, java.lang.Object, java.lang.Object, java.lang.Object)'> (0x00000000eae66820) 
thrown [s\src\hotspot\share\interpreter\linkResolver.cpp, line 759]
Event: 7.462 Thread 0x000002124fbab7e0 Exception <a 'java/lang/NoSuchMethodError'{0x00000000ec0ec958}: 'void java.lang.invoke.DirectMethodHandle$Holder.invokeSpecial(java.lang.Object, java.lang.Object, java.lang.Object, java.lang.Object, java.lang.Object, java.lang.Object)'> (0x00000000ec0ec958) 
thrown [s\src\hotspot\share\interpreter\linkResolver.cpp, line 759]

VM Operations (20 events):
Event: 5.838 Executing VM operation: ParallelGCFailedAllocation
Event: 5.843 Executing VM operation: ParallelGCFailedAllocation done
Event: 5.855 Executing VM operation: HandshakeAllThreads
Event: 5.855 Executing VM operation: HandshakeAllThreads done
Event: 5.882 Executing VM operation: HandshakeAllThreads
Event: 5.882 Executing VM operation: HandshakeAllThreads done
Event: 6.391 Executing VM operation: HandshakeAllThreads
Event: 6.391 Executing VM operation: HandshakeAllThreads done
Event: 6.785 Executing VM operation: ParallelGCFailedAllocation
Event: 6.790 Executing VM operation: ParallelGCFailedAllocation done
Event: 6.826 Executing VM operation: CollectForMetadataAllocation
Event: 6.865 Executing VM operation: CollectForMetadataAllocation done
Event: 6.889 Executing VM operation: HandshakeAllThreads
Event: 6.889 Executing VM operation: HandshakeAllThreads done
Event: 6.889 Executing VM operation: HandshakeAllThreads
Event: 6.889 Executing VM operation: HandshakeAllThreads done
Event: 7.538 Executing VM operation: ParallelGCFailedAllocation
Event: 7.550 Executing VM operation: ParallelGCFailedAllocation done
Event: 8.571 Executing VM operation: Cleanup
Event: 8.614 Executing VM operation: Cleanup done

Events (20 events):
Event: 7.052 loading class sun/reflect/generics/reflectiveObjects/WildcardTypeImpl
Event: 7.052 loading class sun/reflect/generics/reflectiveObjects/WildcardTypeImpl done
Event: 7.188 loading class sun/reflect/generics/tree/ArrayTypeSignature
Event: 7.189 loading class sun/reflect/generics/tree/ArrayTypeSignature done
Event: 7.194 loading class sun/reflect/generics/tree/BooleanSignature
Event: 7.194 loading class sun/reflect/generics/tree/BooleanSignature done
Event: 7.387 loading class java/util/concurrent/atomic/AtomicIntegerArray
Event: 7.388 loading class java/util/concurrent/atomic/AtomicIntegerArray done
Event: 7.392 loading class java/util/Currency
Event: 7.393 loading class java/util/Currency done
Event: 7.416 loading class java/util/concurrent/atomic/AtomicLongArray
Event: 7.417 loading class java/util/concurrent/atomic/AtomicLongArray done
Event: 7.553 loading class sun/util/locale/provider/DateFormatProviderImpl
Event: 7.553 loading class sun/util/locale/provider/DateFormatProviderImpl done
Event: 7.581 Thread 0x0000021268382b00 Thread added: 0x0000021268382b00
Event: 7.939 loading class sun/reflect/generics/repository/FieldRepository
Event: 7.940 loading class sun/reflect/generics/repository/FieldRepository done
Event: 8.464 loading class jdk/internal/reflect/UnsafeQualifiedIntegerFieldAccessorImpl
Event: 8.464 loading class jdk/internal/reflect/UnsafeQualifiedIntegerFieldAccessorImpl done
Event: 8.799 Thread 0x000002126984ef00 Thread exited: 0x000002126984ef00


Dynamic libraries:
0x00007ff64db70000 - 0x00007ff64db7e000 	c:\Users\Subhanjan\.vscode\extensions\redhat.java-1.13.0-win32-x64\jre\17.0.5-win32-x86_64\bin\java.exe
0x00007ffaf8710000 - 0x00007ffaf8908000 	C:\WINDOWS\SYSTEM32\ntdll.dll
0x00007ffaf6770000 - 0x00007ffaf682f000 	C:\WINDOWS\System32\KERNEL32.DLL
0x00007ffaf5e50000 - 0x00007ffaf6122000 	C:\WINDOWS\System32\KERNELBASE.dll
0x00007ffaf3130000 - 0x00007ffaf31c1000 	C:\WINDOWS\SYSTEM32\apphelp.dll
0x00007ffaf6340000 - 0x00007ffaf6440000 	C:\WINDOWS\System32\ucrtbase.dll
0x00007ffaf15d0000 - 0x00007ffaf15e7000 	c:\Users\Subhanjan\.vscode\extensions\redhat.java-1.13.0-win32-x64\jre\17.0.5-win32-x86_64\bin\jli.dll
0x00007ffaf0e60000 - 0x00007ffaf0e79000 	c:\Users\Subhanjan\.vscode\extensions\redhat.java-1.13.0-win32-x64\jre\17.0.5-win32-x86_64\bin\VCRUNTIME140.dll
0x00007ffaf8520000 - 0x00007ffaf86c1000 	C:\WINDOWS\System32\USER32.dll
0x00007ffaf6310000 - 0x00007ffaf6332000 	C:\WINDOWS\System32\win32u.dll
0x00007ffae3380000 - 0x00007ffae361a000 	C:\WINDOWS\WinSxS\amd64_microsoft.windows.common-controls_6595b64144ccf1df_6.0.19041.1110_none_60b5254171f9507e\COMCTL32.dll
0x00007ffaf6ed0000 - 0x00007ffaf6efb000 	C:\WINDOWS\System32\GDI32.dll
0x00007ffaf6f00000 - 0x00007ffaf6f9e000 	C:\WINDOWS\System32\msvcrt.dll
0x00007ffaf65a0000 - 0x00007ffaf66af000 	C:\WINDOWS\System32\gdi32full.dll
0x00007ffaf66b0000 - 0x00007ffaf674d000 	C:\WINDOWS\System32\msvcp_win.dll
0x00007ffaf6dc0000 - 0x00007ffaf6df2000 	C:\WINDOWS\System32\IMM32.DLL
0x00007ffaf15c0000 - 0x00007ffaf15cc000 	c:\Users\Subhanjan\.vscode\extensions\redhat.java-1.13.0-win32-x64\jre\17.0.5-win32-x86_64\bin\vcruntime140_1.dll
0x00007ffae63b0000 - 0x00007ffae6441000 	c:\Users\Subhanjan\.vscode\extensions\redhat.java-1.13.0-win32-x64\jre\17.0.5-win32-x86_64\bin\msvcp140.dll
0x00007ffabd0b0000 - 0x00007ffabdcf4000 	c:\Users\Subhanjan\.vscode\extensions\redhat.java-1.13.0-win32-x64\jre\17.0.5-win32-x86_64\bin\server\jvm.dll
0x00007ffaf7490000 - 0x00007ffaf753e000 	C:\WINDOWS\System32\ADVAPI32.dll
0x00007ffaf73f0000 - 0x00007ffaf748c000 	C:\WINDOWS\System32\sechost.dll
0x00007ffaf6c90000 - 0x00007ffaf6db5000 	C:\WINDOWS\System32\RPCRT4.dll
0x00007ffaf0fd0000 - 0x00007ffaf0fd9000 	C:\WINDOWS\SYSTEM32\WSOCK32.dll
0x00007ffaec090000 - 0x00007ffaec0b7000 	C:\WINDOWS\SYSTEM32\WINMM.dll
0x00007ffaec080000 - 0x00007ffaec08a000 	C:\WINDOWS\SYSTEM32\VERSION.dll
0x00007ffaf7020000 - 0x00007ffaf708b000 	C:\WINDOWS\System32\WS2_32.dll
0x00007ffaf4650000 - 0x00007ffaf4662000 	C:\WINDOWS\SYSTEM32\kernel.appcore.dll
0x00007ffaf0ee0000 - 0x00007ffaf0eea000 	c:\Users\Subhanjan\.vscode\extensions\redhat.java-1.13.0-win32-x64\jre\17.0.5-win32-x86_64\bin\jimage.dll
0x00007ffaf3a90000 - 0x00007ffaf3c74000 	C:\WINDOWS\SYSTEM32\DBGHELP.DLL
0x00007ffaec2b0000 - 0x00007ffaec2e5000 	C:\WINDOWS\SYSTEM32\dbgcore.DLL
0x00007ffaf61e0000 - 0x00007ffaf6262000 	C:\WINDOWS\System32\bcryptPrimitives.dll
0x00007ffaf0e50000 - 0x00007ffaf0e5e000 	c:\Users\Subhanjan\.vscode\extensions\redhat.java-1.13.0-win32-x64\jre\17.0.5-win32-x86_64\bin\instrument.dll
0x00007ffaefb80000 - 0x00007ffaefba5000 	c:\Users\Subhanjan\.vscode\extensions\redhat.java-1.13.0-win32-x64\jre\17.0.5-win32-x86_64\bin\java.dll
0x00007ffae9a10000 - 0x00007ffae9a28000 	c:\Users\Subhanjan\.vscode\extensions\redhat.java-1.13.0-win32-x64\jre\17.0.5-win32-x86_64\bin\zip.dll
0x00007ffaf7dd0000 - 0x00007ffaf8514000 	C:\WINDOWS\System32\SHELL32.dll
0x00007ffaf3c80000 - 0x00007ffaf4412000 	C:\WINDOWS\SYSTEM32\windows.storage.dll
0x00007ffaf7090000 - 0x00007ffaf73e5000 	C:\WINDOWS\System32\combase.dll
0x00007ffaf5780000 - 0x00007ffaf57b0000 	C:\WINDOWS\SYSTEM32\Wldp.dll
0x00007ffaf6830000 - 0x00007ffaf68dd000 	C:\WINDOWS\System32\SHCORE.dll
0x00007ffaf76c0000 - 0x00007ffaf7715000 	C:\WINDOWS\System32\shlwapi.dll
0x00007ffaf5d40000 - 0x00007ffaf5d5f000 	C:\WINDOWS\SYSTEM32\profapi.dll
0x00007ffae6340000 - 0x00007ffae6359000 	C:\Users\Subhanjan\.vscode\extensions\redhat.java-1.13.0-win32-x64\jre\17.0.5-win32-x86_64\bin\net.dll
0x00007ffaeccb0000 - 0x00007ffaecdbc000 	C:\WINDOWS\SYSTEM32\WINHTTP.dll
0x00007ffaf54e0000 - 0x00007ffaf554a000 	C:\WINDOWS\system32\mswsock.dll
0x00007ffae6250000 - 0x00007ffae6265000 	C:\Users\Subhanjan\.vscode\extensions\redhat.java-1.13.0-win32-x64\jre\17.0.5-win32-x86_64\bin\nio.dll
0x00007ffaef7e0000 - 0x00007ffaef7f0000 	c:\Users\Subhanjan\.vscode\extensions\redhat.java-1.13.0-win32-x64\jre\17.0.5-win32-x86_64\bin\verify.dll
0x00007ffae5a10000 - 0x00007ffae5a4e000 	C:\Users\Subhanjan\AppData\Roaming\Code\User\globalStorage\redhat.java\1.13.0\config_win\org.eclipse.equinox.launcher\org.eclipse.equinox.launcher.win32.win32.x86_64_1.2.600.v20220720-1916\eclipse_11700.dll
0x00007ffaf7830000 - 0x00007ffaf795a000 	C:\WINDOWS\System32\ole32.dll
0x00007ffaf56e0000 - 0x00007ffaf56f8000 	C:\WINDOWS\SYSTEM32\CRYPTSP.dll
0x00007ffaf4e00000 - 0x00007ffaf4e34000 	C:\WINDOWS\system32\rsaenh.dll
0x00007ffaf6270000 - 0x00007ffaf6297000 	C:\WINDOWS\System32\bcrypt.dll
0x00007ffaf5cc0000 - 0x00007ffaf5cee000 	C:\WINDOWS\SYSTEM32\USERENV.dll
0x00007ffaf56d0000 - 0x00007ffaf56dc000 	C:\WINDOWS\SYSTEM32\CRYPTBASE.dll
0x00007ffaf51d0000 - 0x00007ffaf520b000 	C:\WINDOWS\SYSTEM32\IPHLPAPI.DLL
0x00007ffaf6fa0000 - 0x00007ffaf6fa8000 	C:\WINDOWS\System32\NSI.dll
0x00007ffaedd60000 - 0x00007ffaedd77000 	C:\WINDOWS\SYSTEM32\dhcpcsvc6.DLL
0x00007ffaee0f0000 - 0x00007ffaee10d000 	C:\WINDOWS\SYSTEM32\dhcpcsvc.DLL
0x00007ffaf5210000 - 0x00007ffaf52da000 	C:\WINDOWS\SYSTEM32\DNSAPI.dll
0x00007ffae5960000 - 0x00007ffae59a0000 	C:\Users\Subhanjan\AppData\Local\Temp\jna--2093043326\jna9758821932441950162.dll
0x00007ffaf6c80000 - 0x00007ffaf6c88000 	C:\WINDOWS\System32\PSAPI.DLL

dbghelp: loaded successfully - version: 4.0.5 - missing functions: none
symbol engine: initialized successfully - sym options: 0x614 - pdb path: .;c:\Users\Subhanjan\.vscode\extensions\redhat.java-1.13.0-win32-x64\jre\17.0.5-win32-x86_64\bin;C:\WINDOWS\SYSTEM32;C:\WINDOWS\WinSxS\amd64_microsoft.windows.common-controls_6595b64144ccf1df_6.0.19041.1110_none_60b5254171f9507e;c:\Users\Subhanjan\.vscode\extensions\redhat.java-1.13.0-win32-x64\jre\17.0.5-win32-x86_64\bin\server;C:\Users\Subhanjan\AppData\Roaming\Code\User\globalStorage\redhat.java\1.13.0\config_win\org.eclipse.equinox.launcher\org.eclipse.equinox.launcher.win32.win32.x86_64_1.2.600.v20220720-1916;C:\Users\Subhanjan\AppData\Local\Temp\jna--2093043326

VM Arguments:
jvm_args: --add-modules=ALL-SYSTEM --add-opens=java.base/java.util=ALL-UNNAMED --add-opens=java.base/java.lang=ALL-UNNAMED --add-opens=java.base/sun.nio.fs=ALL-UNNAMED -Declipse.application=org.eclipse.jdt.ls.core.id1 -Dosgi.bundles.defaultStartLevel=4 -Declipse.product=org.eclipse.jdt.ls.core.product -Djava.import.generatesMetadataFilesAtProjectRoot=false -Dfile.encoding=utf8 -XX:+UseParallelGC -XX:GCTimeRatio=4 -XX:AdaptiveSizePolicyWeight=90 -Dsun.zip.disableMemoryMapping=true -Xmx1G -Xms100m -Xlog:disable -javaagent:c:\Users\Subhanjan\.vscode\extensions\redhat.java-1.13.0-win32-x64\lombok\lombok-1.18.24.jar -XX:+HeapDumpOnOutOfMemoryError -XX:HeapDumpPath=c:\Users\Subhanjan\AppData\Roaming\Code\User\workspaceStorage\2232859fdb70232aeea4fb6d47245013\redhat.java 
java_command: c:\Users\Subhanjan\.vscode\extensions\redhat.java-1.13.0-win32-x64\server\plugins\org.eclipse.equinox.launcher_1.6.400.v20210924-0641.jar -configuration c:\Users\Subhanjan\AppData\Roaming\Code\User\globalStorage\redhat.java\1.13.0\config_win -data c:\Users\Subhanjan\AppData\Roaming\Code\User\workspaceStorage\2232859fdb70232aeea4fb6d47245013\redhat.java\jdt_ws
java_class_path (initial): c:\Users\Subhanjan\.vscode\extensions\redhat.java-1.13.0-win32-x64\server\plugins\org.eclipse.equinox.launcher_1.6.400.v20210924-0641.jar
Launcher Type: SUN_STANDARD

[Global flags]
    uintx AdaptiveSizePolicyWeight                 = 90                                        {product} {command line}
     intx CICompilerCount                          = 4                                         {product} {ergonomic}
    uintx GCTimeRatio                              = 4                                         {product} {command line}
     bool HeapDumpOnOutOfMemoryError               = true                                   {manageable} {command line}
    ccstr HeapDumpPath                             = c:\Users\Subhanjan\AppData\Roaming\Code\User\workspaceStorage\2232859fdb70232aeea4fb6d47245013\redhat.java         {manageable} {command line}
   size_t InitialHeapSize                          = 104857600                                 {product} {command line}
   size_t MaxHeapSize                              = 1073741824                                {product} {command line}
   size_t MaxNewSize                               = 357564416                                 {product} {ergonomic}
   size_t MinHeapDeltaBytes                        = 524288                                    {product} {ergonomic}
   size_t MinHeapSize                              = 104857600                                 {product} {command line}
   size_t NewSize                                  = 34603008                                  {product} {ergonomic}
    uintx NonNMethodCodeHeapSize                   = 5839372                                {pd product} {ergonomic}
    uintx NonProfiledCodeHeapSize                  = 122909434                              {pd product} {ergonomic}
   size_t OldSize                                  = 70254592                                  {product} {ergonomic}
    uintx ProfiledCodeHeapSize                     = 122909434                              {pd product} {ergonomic}
    uintx ReservedCodeCacheSize                    = 251658240                              {pd product} {ergonomic}
     bool SegmentedCodeCache                       = true                                      {product} {ergonomic}
   size_t SoftMaxHeapSize                          = 1073741824                             {manageable} {ergonomic}
     bool UseCompressedClassPointers               = true                           {product lp64_product} {ergonomic}
     bool UseCompressedOops                        = true                           {product lp64_product} {ergonomic}
     bool UseLargePagesIndividualAllocation        = false                                  {pd product} {ergonomic}
     bool UseParallelGC                            = true                                      {product} {command line}

Logging:
Log output configuration:
 #0: stdout all=off uptime,level,tags
 #1: stderr all=off uptime,level,tags

Environment Variables:
JAVA_HOME=C:\Users\Subhanjan\AppData\Local\Programs\Eclipse Adoptium\jdk-17.0.3.7-hotspot\
PATH=C:\Program Files\Common Files\Oracle\Java\javapath;C:\WINDOWS\system32;C:\WINDOWS;C:\WINDOWS\System32\Wbem;C:\WINDOWS\System32\WindowsPowerShell\v1.0\;C:\WINDOWS\System32\OpenSSH\;C:\Program Files\MATLAB\R2016b\runtime\win64;C:\Program Files\MATLAB\R2016b\bin;C:\Program Files\MATLAB\R2016b\polyspace\bin;C:\Program Files\Java\jdk-16.0.2\bin;C:\Users\Subhanjan\AppData\Local\Programs\Eclipse Adoptium\jdk-17.0.3.7-hotspot\bin;C:\Users\Subhanjan\AppData\Local\Microsoft\WindowsApps;C:\Users\Subhanjan\AppData\Local\Programs\Microsoft VS Code\bin
USERNAME=Subhanjan
OS=Windows_NT
PROCESSOR_IDENTIFIER=AMD64 Family 23 Model 24 Stepping 1, AuthenticAMD
TMP=C:\Users\SUBHAN~1\AppData\Local\Temp
TEMP=C:\Users\SUBHAN~1\AppData\Local\Temp



---------------  S Y S T E M  ---------------

OS:
 Windows 10 , 64 bit Build 19041 (10.0.19041.2364)
OS uptime: 3 days 1:48 hours

CPU: total 8 (initial active 8) (8 cores per cpu, 2 threads per core) family 23 model 24 stepping 1 microcode 0x0, cx8, cmov, fxsr, ht, mmx, 3dnowpref, sse, sse2, sse3, ssse3, sse4a, sse4.1, sse4.2, popcnt, lzcnt, tsc, tscinvbit, avx, avx2, aes, clmul, bmi1, bmi2, adx, sha, fma, vzeroupper, clflush, clflushopt

Memory: 4k page, system-wide physical 6091M (1720M free)
TotalPageFile size 9803M (AvailPageFile size 2938M)
current process WorkingSet (physical memory assigned to process): 185M, peak: 188M
current process commit charge ("private bytes"): 282M, peak: 286M

vm_info: OpenJDK 64-Bit Server VM (17.0.5+8) for windows-amd64 JRE (17.0.5+8), built on Oct 19 2022 04:48:13 by "temurin" with MS VC++ 16.7 (VS2019)

END.
